<?xml version="1.0" encoding="UTF-8"?>
<!-- Generated by org.testng.reporters.JUnitReportReporter -->
<testsuite skipped="0" hostname="Sekhar" name="week5day1.ReadCreds" tests="1" failures="0" timestamp="28 Jul 2018 04:26:00 GMT" time="2.287" errors="0">
  <testcase name="readCreds" time="2.287" classname="week5day1.ReadCreds"/>
</testsuite> <!-- week5day1.ReadCreds -->
